2021-02-26T11:16:57+00:00 ERROR Remote inbox notification data feed is not an array
2021-02-26T14:05:15+00:00 ERROR Error getting remote inbox notification data feed
2021-02-26T14:05:15+00:00 ERROR WP_Error Object
(
    [errors] => Array
        (
            [http_request_failed] => Array
                (
                    [0] => cURL error 28: Resolving timed out after 5002 milliseconds
                )

        )

    [error_data] => Array
        (
        )

    [additional_data:protected] => Array
        (
        )

)

2021-02-26T14:05:26+00:00 ERROR Error getting remote inbox notification data feed
2021-02-26T14:05:26+00:00 ERROR WP_Error Object
(
    [errors] => Array
        (
            [http_request_failed] => Array
                (
                    [0] => cURL error 28: Resolving timed out after 5012 milliseconds
                )

        )

    [error_data] => Array
        (
        )

    [additional_data:protected] => Array
        (
        )

)

